<?xml version="1.0" encoding="UTF-8"?>
<testng-results skipped="0" failed="0" total="1" passed="1">
  <reporter-output>
  </reporter-output>
  <suite name="Suite" duration-ms="16879" started-at="2022-07-30T05:53:39Z" finished-at="2022-07-30T05:53:56Z">
    <groups>
    </groups>
    <test name="Test" duration-ms="16879" started-at="2022-07-30T05:53:39Z" finished-at="2022-07-30T05:53:56Z">
      <class name="sample.testNG.LearnParameter">
        <test-method status="PASS" signature="adactin(java.lang.String, java.lang.String)[pri:0, instance:sample.testNG.LearnParameter@43a25848]" name="adactin" duration-ms="16827" started-at="2022-07-30T11:23:39Z" finished-at="2022-07-30T11:23:56Z">
          <params>
            <param index="0">
              <value>
                <![CDATA[RKKannan18]]>
              </value>
            </param>
            <param index="1">
              <value>
                <![CDATA[itsRKsaha@22]]>
              </value>
            </param>
          </params>
          <reporter-output>
          </reporter-output>
        </test-method> <!-- adactin -->
      </class> <!-- sample.testNG.LearnParameter -->
    </test> <!-- Test -->
  </suite> <!-- Suite -->
</testng-results>
